<?xml version="1.0" encoding="UTF-8"?>
<testsuite xmlns:xsi="http://www.w3.org/2001/XMLSchema-instance" xsi:noNamespaceSchemaLocation="https://maven.apache.org/surefire/maven-surefire-plugin/xsd/surefire-test-report.xsd" name="ir.ac.kntu.style.CheckStyleTest" time="1.314" tests="2" errors="0" skipped="0" failures="1">
  <properties>
    <property name="java.specification.version" value="17"/>
    <property name="sun.cpu.isalist" value="amd64"/>
    <property name="sun.jnu.encoding" value="Cp1252"/>
    <property name="java.class.path" value="D:\Desktop\Pro\project1\target\test-classes;D:\Desktop\Pro\project1\target\classes;C:\Users\marya\.m2\repository\junit\junit\4.13.2\junit-4.13.2.jar;C:\Users\marya\.m2\repository\org\hamcrest\hamcrest-core\2.2\hamcrest-core-2.2.jar;C:\Users\marya\.m2\repository\org\hamcrest\hamcrest\2.2\hamcrest-2.2.jar;C:\Users\marya\.m2\repository\com\puppycrawl\tools\checkstyle\10.0\checkstyle-10.0.jar;C:\Users\marya\.m2\repository\info\picocli\picocli\4.6.3\picocli-4.6.3.jar;C:\Users\marya\.m2\repository\org\antlr\antlr4-runtime\4.9.3\antlr4-runtime-4.9.3.jar;C:\Users\marya\.m2\repository\commons-beanutils\commons-beanutils\1.9.4\commons-beanutils-1.9.4.jar;C:\Users\marya\.m2\repository\commons-logging\commons-logging\1.2\commons-logging-1.2.jar;C:\Users\marya\.m2\repository\commons-collections\commons-collections\3.2.2\commons-collections-3.2.2.jar;C:\Users\marya\.m2\repository\com\google\guava\guava\31.0.1-jre\guava-31.0.1-jre.jar;C:\Users\marya\.m2\repository\com\google\guava\failureaccess\1.0.1\failureaccess-1.0.1.jar;C:\Users\marya\.m2\repository\com\google\guava\listenablefuture\9999.0-empty-to-avoid-conflict-with-guava\listenablefuture-9999.0-empty-to-avoid-conflict-with-guava.jar;C:\Users\marya\.m2\repository\com\google\code\findbugs\jsr305\3.0.2\jsr305-3.0.2.jar;C:\Users\marya\.m2\repository\org\checkerframework\checker-qual\3.12.0\checker-qual-3.12.0.jar;C:\Users\marya\.m2\repository\com\google\errorprone\error_prone_annotations\2.7.1\error_prone_annotations-2.7.1.jar;C:\Users\marya\.m2\repository\com\google\j2objc\j2objc-annotations\1.3\j2objc-annotations-1.3.jar;C:\Users\marya\.m2\repository\org\reflections\reflections\0.10.2\reflections-0.10.2.jar;C:\Users\marya\.m2\repository\org\javassist\javassist\3.28.0-GA\javassist-3.28.0-GA.jar;C:\Users\marya\.m2\repository\org\slf4j\slf4j-api\1.7.32\slf4j-api-1.7.32.jar;C:\Users\marya\.m2\repository\net\sf\saxon\Saxon-HE\10.6\Saxon-HE-10.6.jar;C:\Users\marya\.m2\repository\net\sourceforge\pmd\pmd-java\6.43.0\pmd-java-6.43.0.jar;C:\Users\marya\.m2\repository\net\sourceforge\saxon\saxon\9.1.0.8\saxon-9.1.0.8.jar;C:\Users\marya\.m2\repository\org\ow2\asm\asm\9.2\asm-9.2.jar;C:\Users\marya\.m2\repository\commons-io\commons-io\2.6\commons-io-2.6.jar;C:\Users\marya\.m2\repository\org\apache\commons\commons-lang3\3.8.1\commons-lang3-3.8.1.jar;C:\Users\marya\.m2\repository\net\sourceforge\pmd\pmd-core\6.43.0\pmd-core-6.43.0.jar;C:\Users\marya\.m2\repository\com\beust\jcommander\1.48\jcommander-1.48.jar;C:\Users\marya\.m2\repository\com\google\code\gson\gson\2.8.9\gson-2.8.9.jar;C:\Users\marya\.m2\repository\net\sourceforge\saxon\saxon\9.1.0.8\saxon-9.1.0.8-dom.jar;C:\Users\marya\.m2\repository\org\jetbrains\annotations\23.0.0\annotations-23.0.0.jar;"/>
    <property name="java.vm.vendor" value="Oracle Corporation"/>
    <property name="sun.arch.data.model" value="64"/>
    <property name="user.variant" value=""/>
    <property name="java.vendor.url" value="https://java.oracle.com/"/>
    <property name="user.timezone" value="Asia/Tehran"/>
    <property name="os.name" value="Windows 10"/>
    <property name="java.vm.specification.version" value="17"/>
    <property name="sun.java.launcher" value="SUN_STANDARD"/>
    <property name="user.country" value="US"/>
    <property name="sun.boot.library.path" value="C:\Program Files\Java\jdk-17.0.2\bin"/>
    <property name="sun.java.command" value="C:\Users\marya\AppData\Local\Temp\surefire10842266022333177948\surefirebooter14027408552485567101.jar C:\Users\marya\AppData\Local\Temp\surefire10842266022333177948 2022-04-01T12-20-33_622-jvmRun1 surefire13565648479511688642tmp surefire_016694641768966392843tmp"/>
    <property name="jdk.debug" value="release"/>
    <property name="surefire.test.class.path" value="D:\Desktop\Pro\project1\target\test-classes;D:\Desktop\Pro\project1\target\classes;C:\Users\marya\.m2\repository\junit\junit\4.13.2\junit-4.13.2.jar;C:\Users\marya\.m2\repository\org\hamcrest\hamcrest-core\2.2\hamcrest-core-2.2.jar;C:\Users\marya\.m2\repository\org\hamcrest\hamcrest\2.2\hamcrest-2.2.jar;C:\Users\marya\.m2\repository\com\puppycrawl\tools\checkstyle\10.0\checkstyle-10.0.jar;C:\Users\marya\.m2\repository\info\picocli\picocli\4.6.3\picocli-4.6.3.jar;C:\Users\marya\.m2\repository\org\antlr\antlr4-runtime\4.9.3\antlr4-runtime-4.9.3.jar;C:\Users\marya\.m2\repository\commons-beanutils\commons-beanutils\1.9.4\commons-beanutils-1.9.4.jar;C:\Users\marya\.m2\repository\commons-logging\commons-logging\1.2\commons-logging-1.2.jar;C:\Users\marya\.m2\repository\commons-collections\commons-collections\3.2.2\commons-collections-3.2.2.jar;C:\Users\marya\.m2\repository\com\google\guava\guava\31.0.1-jre\guava-31.0.1-jre.jar;C:\Users\marya\.m2\repository\com\google\guava\failureaccess\1.0.1\failureaccess-1.0.1.jar;C:\Users\marya\.m2\repository\com\google\guava\listenablefuture\9999.0-empty-to-avoid-conflict-with-guava\listenablefuture-9999.0-empty-to-avoid-conflict-with-guava.jar;C:\Users\marya\.m2\repository\com\google\code\findbugs\jsr305\3.0.2\jsr305-3.0.2.jar;C:\Users\marya\.m2\repository\org\checkerframework\checker-qual\3.12.0\checker-qual-3.12.0.jar;C:\Users\marya\.m2\repository\com\google\errorprone\error_prone_annotations\2.7.1\error_prone_annotations-2.7.1.jar;C:\Users\marya\.m2\repository\com\google\j2objc\j2objc-annotations\1.3\j2objc-annotations-1.3.jar;C:\Users\marya\.m2\repository\org\reflections\reflections\0.10.2\reflections-0.10.2.jar;C:\Users\marya\.m2\repository\org\javassist\javassist\3.28.0-GA\javassist-3.28.0-GA.jar;C:\Users\marya\.m2\repository\org\slf4j\slf4j-api\1.7.32\slf4j-api-1.7.32.jar;C:\Users\marya\.m2\repository\net\sf\saxon\Saxon-HE\10.6\Saxon-HE-10.6.jar;C:\Users\marya\.m2\repository\net\sourceforge\pmd\pmd-java\6.43.0\pmd-java-6.43.0.jar;C:\Users\marya\.m2\repository\net\sourceforge\saxon\saxon\9.1.0.8\saxon-9.1.0.8.jar;C:\Users\marya\.m2\repository\org\ow2\asm\asm\9.2\asm-9.2.jar;C:\Users\marya\.m2\repository\commons-io\commons-io\2.6\commons-io-2.6.jar;C:\Users\marya\.m2\repository\org\apache\commons\commons-lang3\3.8.1\commons-lang3-3.8.1.jar;C:\Users\marya\.m2\repository\net\sourceforge\pmd\pmd-core\6.43.0\pmd-core-6.43.0.jar;C:\Users\marya\.m2\repository\com\beust\jcommander\1.48\jcommander-1.48.jar;C:\Users\marya\.m2\repository\com\google\code\gson\gson\2.8.9\gson-2.8.9.jar;C:\Users\marya\.m2\repository\net\sourceforge\saxon\saxon\9.1.0.8\saxon-9.1.0.8-dom.jar;C:\Users\marya\.m2\repository\org\jetbrains\annotations\23.0.0\annotations-23.0.0.jar;"/>
    <property name="sun.cpu.endian" value="little"/>
    <property name="user.home" value="C:\Users\marya"/>
    <property name="user.language" value="en"/>
    <property name="java.specification.vendor" value="Oracle Corporation"/>
    <property name="java.version.date" value="2022-01-18"/>
    <property name="java.home" value="C:\Program Files\Java\jdk-17.0.2"/>
    <property name="file.separator" value="\"/>
    <property name="basedir" value="D:\Desktop\Pro\project1"/>
    <property name="java.vm.compressedOopsMode" value="32-bit"/>
    <property name="line.separator" value="&#10;"/>
    <property name="java.vm.specification.vendor" value="Oracle Corporation"/>
    <property name="java.specification.name" value="Java Platform API Specification"/>
    <property name="surefire.real.class.path" value="C:\Users\marya\AppData\Local\Temp\surefire10842266022333177948\surefirebooter14027408552485567101.jar"/>
    <property name="user.script" value=""/>
    <property name="sun.management.compiler" value="HotSpot 64-Bit Tiered Compilers"/>
    <property name="java.runtime.version" value="17.0.2+8-LTS-86"/>
    <property name="user.name" value="marya"/>
    <property name="path.separator" value=";"/>
    <property name="os.version" value="10.0"/>
    <property name="java.runtime.name" value="Java(TM) SE Runtime Environment"/>
    <property name="file.encoding" value="Cp1252"/>
    <property name="java.vm.name" value="Java HotSpot(TM) 64-Bit Server VM"/>
    <property name="localRepository" value="C:\Users\marya\.m2\repository"/>
    <property name="java.vendor.url.bug" value="https://bugreport.java.com/bugreport/"/>
    <property name="java.io.tmpdir" value="C:\Users\marya\AppData\Local\Temp\"/>
    <property name="java.version" value="17.0.2"/>
    <property name="user.dir" value="D:\Desktop\Pro\project1"/>
    <property name="os.arch" value="amd64"/>
    <property name="java.vm.specification.name" value="Java Virtual Machine Specification"/>
    <property name="sun.os.patch.level" value=""/>
    <property name="native.encoding" value="Cp1252"/>
    <property name="java.library.path" value="C:\Program Files\Java\jdk-17.0.2\bin;C:\Windows\Sun\Java\bin;C:\Windows\system32;C:\Windows;C:\Users\marya\bin;C:\Program Files\Git\mingw64\bin;C:\Program Files\Git\usr\local\bin;C:\Program Files\Git\usr\bin;C:\Program Files\Git\usr\bin;C:\Program Files\Git\mingw64\bin;C:\Program Files\Git\usr\bin;C:\Users\marya\bin;C:\apache-maven-3.8.4\bin;C:\Program Files\Common Files\Oracle\Java\javapath;C:\Windows\system32;C:\Windows;C:\Windows\System32\Wbem;C:\Windows\System32\WindowsPowerShell\v1.0;C:\Windows\System32\OpenSSH;C:\Program Files\Git\cmd;C:\Users\marya\AppData\Local\Microsoft\WindowsApps;C:\Program Files\Git\usr\bin\vendor_perl;C:\Program Files\Git\usr\bin\core_perl;."/>
    <property name="java.vm.info" value="mixed mode, sharing"/>
    <property name="java.vendor" value="Oracle Corporation"/>
    <property name="java.vm.version" value="17.0.2+8-LTS-86"/>
    <property name="sun.io.unicode.encoding" value="UnicodeLittle"/>
    <property name="java.class.version" value="61.0"/>
  </properties>
  <testcase name="testCheckStyleIndentation" classname="ir.ac.kntu.style.CheckStyleTest" time="1.069">
    <failure message="17 check style errors found. Starting audit...&#10;[ERROR] D:\Desktop\Pro\project1\src\main\java\ir\ac\kntu\Main.java:8:5: Method main length is 141 lines (max allowed is 45). [MethodLength]&#10;[ERROR] D:\Desktop\Pro\project1\src\main\java\ir\ac\kntu\Main.java:27:13: switch without &quot;default&quot; clause. [MissingSwitchDefault]&#10;[ERROR] D:\Desktop\Pro\project1\src\main\java\ir\ac\kntu\Main.java:171:18: Literal Strings should be compared using equals(), not &apos;!=&apos;. [StringLiteralEquality]&#10;[ERROR] D:\Desktop\Pro\project1\src\main\java\ir\ac\kntu\Main.java:171:39: Literal Strings should be compared using equals(), not &apos;!=&apos;. [StringLiteralEquality]&#10;[ERROR] D:\Desktop\Pro\project1\src\main\java\ir\ac\kntu\Main.java:182:18: Literal Strings should be compared using equals(), not &apos;!=&apos;. [StringLiteralEquality]&#10;[ERROR] D:\Desktop\Pro\project1\src\main\java\ir\ac\kntu\Main.java:182:40: Literal Strings should be compared using equals(), not &apos;!=&apos;. [StringLiteralEquality]&#10;[ERROR] D:\Desktop\Pro\project1\src\main\java\ir\ac\kntu\MyArray.java:7:5: &apos;VARIABLE_DEF&apos; should be separated from previous line. [EmptyLineSeparator]&#10;[ERROR] D:\Desktop\Pro\project1\src\main\java\ir\ac\kntu\MyArray.java:8:5: &apos;VARIABLE_DEF&apos; should be separated from previous line. [EmptyLineSeparator]&#10;[ERROR] D:\Desktop\Pro\project1\src\main\java\ir\ac\kntu\MyArray.java:9:5: &apos;VARIABLE_DEF&apos; should be separated from previous line. [EmptyLineSeparator]&#10;[ERROR] D:\Desktop\Pro\project1\src\main\java\ir\ac\kntu\MyArray.java:10:5: &apos;VARIABLE_DEF&apos; should be separated from previous line. [EmptyLineSeparator]&#10;[ERROR] D:\Desktop\Pro\project1\src\main\java\ir\ac\kntu\MyArray.java:46:50: Must have at least one statement. [EmptyBlock]&#10;[ERROR] D:\Desktop\Pro\project1\src\main\java\ir\ac\kntu\MyArray.java:55:5: &apos;VARIABLE_DEF&apos; should be separated from previous line. [EmptyLineSeparator]&#10;[ERROR] D:\Desktop\Pro\project1\src\main\java\ir\ac\kntu\MyArray.java:82:9: switch without &quot;default&quot; clause. [MissingSwitchDefault]&#10;[ERROR] D:\Desktop\Pro\project1\src\main\java\ir\ac\kntu\Patterns.java:5:5: &apos;VARIABLE_DEF&apos; should be separated from previous line. [EmptyLineSeparator]&#10;[ERROR] D:\Desktop\Pro\project1\src\main\java\ir\ac\kntu\Patterns.java:6:5: &apos;VARIABLE_DEF&apos; should be separated from previous line. [EmptyLineSeparator]&#10;[ERROR] D:\Desktop\Pro\project1\src\main\java\ir\ac\kntu\Patterns.java:7:5: &apos;VARIABLE_DEF&apos; should be separated from previous line. [EmptyLineSeparator]&#10;[ERROR] D:\Desktop\Pro\project1\src\main\java\ir\ac\kntu\Process.java:13:5: &apos;VARIABLE_DEF&apos; should be separated from previous line. [EmptyLineSeparator]&#10;Audit done.&#10;" type="java.lang.AssertionError">java.lang.AssertionError: 
17 check style errors found. Starting audit...
[ERROR] D:\Desktop\Pro\project1\src\main\java\ir\ac\kntu\Main.java:8:5: Method main length is 141 lines (max allowed is 45). [MethodLength]
[ERROR] D:\Desktop\Pro\project1\src\main\java\ir\ac\kntu\Main.java:27:13: switch without "default" clause. [MissingSwitchDefault]
[ERROR] D:\Desktop\Pro\project1\src\main\java\ir\ac\kntu\Main.java:171:18: Literal Strings should be compared using equals(), not '!='. [StringLiteralEquality]
[ERROR] D:\Desktop\Pro\project1\src\main\java\ir\ac\kntu\Main.java:171:39: Literal Strings should be compared using equals(), not '!='. [StringLiteralEquality]
[ERROR] D:\Desktop\Pro\project1\src\main\java\ir\ac\kntu\Main.java:182:18: Literal Strings should be compared using equals(), not '!='. [StringLiteralEquality]
[ERROR] D:\Desktop\Pro\project1\src\main\java\ir\ac\kntu\Main.java:182:40: Literal Strings should be compared using equals(), not '!='. [StringLiteralEquality]
[ERROR] D:\Desktop\Pro\project1\src\main\java\ir\ac\kntu\MyArray.java:7:5: 'VARIABLE_DEF' should be separated from previous line. [EmptyLineSeparator]
[ERROR] D:\Desktop\Pro\project1\src\main\java\ir\ac\kntu\MyArray.java:8:5: 'VARIABLE_DEF' should be separated from previous line. [EmptyLineSeparator]
[ERROR] D:\Desktop\Pro\project1\src\main\java\ir\ac\kntu\MyArray.java:9:5: 'VARIABLE_DEF' should be separated from previous line. [EmptyLineSeparator]
[ERROR] D:\Desktop\Pro\project1\src\main\java\ir\ac\kntu\MyArray.java:10:5: 'VARIABLE_DEF' should be separated from previous line. [EmptyLineSeparator]
[ERROR] D:\Desktop\Pro\project1\src\main\java\ir\ac\kntu\MyArray.java:46:50: Must have at least one statement. [EmptyBlock]
[ERROR] D:\Desktop\Pro\project1\src\main\java\ir\ac\kntu\MyArray.java:55:5: 'VARIABLE_DEF' should be separated from previous line. [EmptyLineSeparator]
[ERROR] D:\Desktop\Pro\project1\src\main\java\ir\ac\kntu\MyArray.java:82:9: switch without "default" clause. [MissingSwitchDefault]
[ERROR] D:\Desktop\Pro\project1\src\main\java\ir\ac\kntu\Patterns.java:5:5: 'VARIABLE_DEF' should be separated from previous line. [EmptyLineSeparator]
[ERROR] D:\Desktop\Pro\project1\src\main\java\ir\ac\kntu\Patterns.java:6:5: 'VARIABLE_DEF' should be separated from previous line. [EmptyLineSeparator]
[ERROR] D:\Desktop\Pro\project1\src\main\java\ir\ac\kntu\Patterns.java:7:5: 'VARIABLE_DEF' should be separated from previous line. [EmptyLineSeparator]
[ERROR] D:\Desktop\Pro\project1\src\main\java\ir\ac\kntu\Process.java:13:5: 'VARIABLE_DEF' should be separated from previous line. [EmptyLineSeparator]
Audit done.

	at ir.ac.kntu.style.CheckStyleTest.testCheckStyleIndentation(CheckStyleTest.java:104)
</failure>
    <system-out><![CDATA[Root is set to "D:\Desktop\Pro\project1\src\main".
Found 4 Java source files.
Found 17 check style errors.
Starting audit...
[ERROR] D:\Desktop\Pro\project1\src\main\java\ir\ac\kntu\Main.java:8:5: Method main length is 141 lines (max allowed is 45). [MethodLength]
[ERROR] D:\Desktop\Pro\project1\src\main\java\ir\ac\kntu\Main.java:27:13: switch without "default" clause. [MissingSwitchDefault]
[ERROR] D:\Desktop\Pro\project1\src\main\java\ir\ac\kntu\Main.java:171:18: Literal Strings should be compared using equals(), not '!='. [StringLiteralEquality]
[ERROR] D:\Desktop\Pro\project1\src\main\java\ir\ac\kntu\Main.java:171:39: Literal Strings should be compared using equals(), not '!='. [StringLiteralEquality]
[ERROR] D:\Desktop\Pro\project1\src\main\java\ir\ac\kntu\Main.java:182:18: Literal Strings should be compared using equals(), not '!='. [StringLiteralEquality]
[ERROR] D:\Desktop\Pro\project1\src\main\java\ir\ac\kntu\Main.java:182:40: Literal Strings should be compared using equals(), not '!='. [StringLiteralEquality]
[ERROR] D:\Desktop\Pro\project1\src\main\java\ir\ac\kntu\MyArray.java:7:5: 'VARIABLE_DEF' should be separated from previous line. [EmptyLineSeparator]
[ERROR] D:\Desktop\Pro\project1\src\main\java\ir\ac\kntu\MyArray.java:8:5: 'VARIABLE_DEF' should be separated from previous line. [EmptyLineSeparator]
[ERROR] D:\Desktop\Pro\project1\src\main\java\ir\ac\kntu\MyArray.java:9:5: 'VARIABLE_DEF' should be separated from previous line. [EmptyLineSeparator]
[ERROR] D:\Desktop\Pro\project1\src\main\java\ir\ac\kntu\MyArray.java:10:5: 'VARIABLE_DEF' should be separated from previous line. [EmptyLineSeparator]
[ERROR] D:\Desktop\Pro\project1\src\main\java\ir\ac\kntu\MyArray.java:46:50: Must have at least one statement. [EmptyBlock]
[ERROR] D:\Desktop\Pro\project1\src\main\java\ir\ac\kntu\MyArray.java:55:5: 'VARIABLE_DEF' should be separated from previous line. [EmptyLineSeparator]
[ERROR] D:\Desktop\Pro\project1\src\main\java\ir\ac\kntu\MyArray.java:82:9: switch without "default" clause. [MissingSwitchDefault]
[ERROR] D:\Desktop\Pro\project1\src\main\java\ir\ac\kntu\Patterns.java:5:5: 'VARIABLE_DEF' should be separated from previous line. [EmptyLineSeparator]
[ERROR] D:\Desktop\Pro\project1\src\main\java\ir\ac\kntu\Patterns.java:6:5: 'VARIABLE_DEF' should be separated from previous line. [EmptyLineSeparator]
[ERROR] D:\Desktop\Pro\project1\src\main\java\ir\ac\kntu\Patterns.java:7:5: 'VARIABLE_DEF' should be separated from previous line. [EmptyLineSeparator]
[ERROR] D:\Desktop\Pro\project1\src\main\java\ir\ac\kntu\Process.java:13:5: 'VARIABLE_DEF' should be separated from previous line. [EmptyLineSeparator]
Audit done.

]]></system-out>
  </testcase>
  <testcase name="testCheckStyleNaming" classname="ir.ac.kntu.style.CheckStyleTest" time="0.245"/>
</testsuite>